<html>
<head>
<title>TestNG:  Test</title>
<link href="../testng.css" rel="stylesheet" type="text/css" />
<link href="../my-testng.css" rel="stylesheet" type="text/css" />

<style type="text/css">
.log { display: none;} 
.stack-trace { display: none;} 
</style>
<script type="text/javascript">
<!--
function flip(e) {
  current = e.style.display;
  if (current == 'block') {
    e.style.display = 'none';
    return 0;
  }
  else {
    e.style.display = 'block';
    return 1;
  }
}

function toggleBox(szDivId, elem, msg1, msg2)
{
  var res = -1;  if (document.getElementById) {
    res = flip(document.getElementById(szDivId));
  }
  else if (document.all) {
    // this is the way old msie versions work
    res = flip(document.all[szDivId]);
  }
  if(elem) {
    if(res == 0) elem.innerHTML = msg1; else elem.innerHTML = msg2;
  }

}

function toggleAllBoxes() {
  if (document.getElementsByTagName) {
    d = document.getElementsByTagName('div');
    for (i = 0; i < d.length; i++) {
      if (d[i].className == 'log') {
        flip(d[i]);
      }
    }
  }
}

// -->
</script>

</head>
<body>
<h2 align='center'>Test</h2><table border='1' align="center">
<tr>
<td>Tests passed/Failed/Skipped:</td><td>1/3/0</td>
</tr><tr>
<td>Started on:</td><td>Mon Nov 18 15:20:24 IST 2024</td>
</tr>
<tr><td>Total time:</td><td>49 seconds (49826 ms)</td>
</tr><tr>
<td>Included groups:</td><td></td>
</tr><tr>
<td>Excluded groups:</td><td></td>
</tr>
</table><p/>
<small><i>(Hover the method name to see the test class name)</i></small><p/>
<table width='100%' border='1' class='invocation-failed'>
<tr><td colspan='4' align='center'><b>FAILED TESTS</b></td></tr>
<tr><td><b>Test method</b></td>
<td width="30%"><b>Exception</b></td>
<td width="10%"><b>Time (seconds)</b></td>
<td><b>Instance</b></td>
</tr>
<tr>
<td title='runner.RunCuke.runScenario()'><b>runScenario</b><br>Test class: runner.RunCuke<br>Test method: Runs Cucumber Scenarios<br>Parameters: "User navigates to sales orders page", "Optional[Sales report my orders page]"</td>
<td><div><pre>java.lang.IllegalArgumentException: Element must be set
	at org.openqa.selenium.internal.Require.nonNull(Require.java:60)
	at org.openqa.selenium.interactions.PointerInput$Origin.fromElement(PointerInput.java:293)
	at org.openqa.selenium.interactions.Actions.moveInTicks(Actions.java:351)
	at org.openqa.selenium.interactions.Actions.moveToElement(Actions.java:330)
	at steps.SalesOrdersSteps.hover_to_operations(SalesOrdersSteps.java:28)
	at ?.Hover to Operations(file:///C:/Users/User/Documents/NavigatorAutomation/src/test/resources/Featuresfile/SalesOrder.feature:5)
</pre></div><a href='#' onClick='toggleBox("stack-trace775423528", this, "Click to show all stack frames", "Click to hide stack frames")'>Click to show all stack frames</a>
<div class='stack-trace' id='stack-trace775423528'><pre>java.lang.IllegalArgumentException: Element must be set
	at org.openqa.selenium.internal.Require.nonNull(Require.java:60)
	at org.openqa.selenium.interactions.PointerInput$Origin.fromElement(PointerInput.java:293)
	at org.openqa.selenium.interactions.Actions.moveInTicks(Actions.java:351)
	at org.openqa.selenium.interactions.Actions.moveToElement(Actions.java:330)
	at steps.SalesOrdersSteps.hover_to_operations(SalesOrdersSteps.java:28)
	at ?.Hover to Operations(file:///C:/Users/User/Documents/NavigatorAutomation/src/test/resources/Featuresfile/SalesOrder.feature:5)
</pre></div></td>
<td>0</td>
<td>runner.RunCuke@56aac163</td></tr>
<tr>
<td title='runner.RunCuke.runScenario()'><b>runScenario</b><br>Test class: runner.RunCuke<br>Test method: Runs Cucumber Scenarios<br>Parameters: "User navigates to sales report My orders page", "Optional[Sales report my orders page]"</td>
<td><div><pre>org.openqa.selenium.NoSuchElementException: no such element: Unable to locate element: {&quot;method&quot;:&quot;xpath&quot;,&quot;selector&quot;:&quot;//a[normalize-space()=&apos;Operations&apos;]&quot;}
  (Session info: chrome=131.0.6778.70)
For documentation on this error, please visit: https://www.selenium.dev/documentation/webdriver/troubleshooting/errors#no-such-element-exception
Build info: version: &apos;4.11.0&apos;, revision: &apos;040bc5406b&apos;
System info: os.name: &apos;Windows 10&apos;, os.arch: &apos;amd64&apos;, os.version: &apos;10.0&apos;, java.version: &apos;1.8.0_202&apos;
Driver info: org.openqa.selenium.chrome.ChromeDriver
Command: [a5548620e22def0846c22df6ed890181, findElement {using=xpath, value=//a[normalize-space()=&apos;Operations&apos;]}]
Capabilities {acceptInsecureCerts: false, browserName: chrome, browserVersion: 131.0.6778.70, chrome: {chromedriverVersion: 131.0.6778.69 (77e2244bbcda..., userDataDir: C:\Users\User\AppData\Local...}, fedcm:accounts: true, goog:chromeOptions: {debuggerAddress: localhost:53380}, networkConnectionEnabled: false, pageLoadStrategy: normal, platformName: windows, proxy: Proxy(), se:cdp: ws://localhost:53380/devtoo..., se:cdpVersion: 131.0.6778.70, setWindowRect: true, strictFileInteractability: false, timeouts: {implicit: 0, pageLoad: 300000, script: 30000}, unhandledPromptBehavior: dismiss and notify, webauthn:extension:credBlob: true, webauthn:extension:largeBlob: true, webauthn:extension:minPinLength: true, webauthn:extension:prf: true, webauthn:virtualAuthenticators: true}
Session ID: a5548620e22def0846c22df6ed890181
	at org.openqa.selenium.remote.codec.w3c.W3CHttpResponseCodec.createException(W3CHttpResponseCodec.java:200)
	at org.openqa.selenium.remote.codec.w3c.W3CHttpResponseCodec.decode(W3CHttpResponseCodec.java:133)
	at org.openqa.selenium.remote.codec.w3c.W3CHttpResponseCodec.decode(W3CHttpResponseCodec.java:52)
	at org.openqa.selenium.remote.HttpCommandExecutor.execute(HttpCommandExecutor.java:191)
	at org.openqa.selenium.remote.service.DriverCommandExecutor.invokeExecute(DriverCommandExecutor.java:196)
	at org.openqa.selenium.remote.service.DriverCommandExecutor.execute(DriverCommandExecutor.java:171)
	at org.openqa.selenium.remote.RemoteWebDriver.execute(RemoteWebDriver.java:518)
	at org.openqa.selenium.remote.ElementLocation$ElementFinder$2.findElement(ElementLocation.java:165)
	at org.openqa.selenium.remote.ElementLocation.findElement(ElementLocation.java:59)
	at org.openqa.selenium.remote.RemoteWebDriver.findElement(RemoteWebDriver.java:355)
	at org.openqa.selenium.remote.RemoteWebDriver.findElement(RemoteWebDriver.java:349)
	at org.openqa.selenium.support.pagefactory.DefaultElementLocator.findElement(DefaultElementLocator.java:68)
	at org.openqa.selenium.support.pagefactory.internal.LocatingElementHandler.invoke(LocatingElementHandler.java:38)
	at com.sun.proxy.$Proxy25.click(Unknown Source)
	at page.actions.OperationsSalesReportsMyOrderActions.ClickOnOperationsLink(OperationsSalesReportsMyOrderActions.java:21)
	at steps.OperationsSalesReportsMyOrderSteps.click_on_operation(OperationsSalesReportsMyOrderSteps.java:29)
	at ?.Click on Operation(file:///C:/Users/User/Documents/NavigatorAutomation/src/test/resources/Featuresfile/OperationsSalesReportsMyOrder.feature:5)
... Removed 4 stack frames</pre></div><a href='#' onClick='toggleBox("stack-trace2104842259", this, "Click to show all stack frames", "Click to hide stack frames")'>Click to show all stack frames</a>
<div class='stack-trace' id='stack-trace2104842259'><pre>org.openqa.selenium.NoSuchElementException: no such element: Unable to locate element: {&quot;method&quot;:&quot;xpath&quot;,&quot;selector&quot;:&quot;//a[normalize-space()=&apos;Operations&apos;]&quot;}
  (Session info: chrome=131.0.6778.70)
For documentation on this error, please visit: https://www.selenium.dev/documentation/webdriver/troubleshooting/errors#no-such-element-exception
Build info: version: &apos;4.11.0&apos;, revision: &apos;040bc5406b&apos;
System info: os.name: &apos;Windows 10&apos;, os.arch: &apos;amd64&apos;, os.version: &apos;10.0&apos;, java.version: &apos;1.8.0_202&apos;
Driver info: org.openqa.selenium.chrome.ChromeDriver
Command: [a5548620e22def0846c22df6ed890181, findElement {using=xpath, value=//a[normalize-space()=&apos;Operations&apos;]}]
Capabilities {acceptInsecureCerts: false, browserName: chrome, browserVersion: 131.0.6778.70, chrome: {chromedriverVersion: 131.0.6778.69 (77e2244bbcda..., userDataDir: C:\Users\User\AppData\Local...}, fedcm:accounts: true, goog:chromeOptions: {debuggerAddress: localhost:53380}, networkConnectionEnabled: false, pageLoadStrategy: normal, platformName: windows, proxy: Proxy(), se:cdp: ws://localhost:53380/devtoo..., se:cdpVersion: 131.0.6778.70, setWindowRect: true, strictFileInteractability: false, timeouts: {implicit: 0, pageLoad: 300000, script: 30000}, unhandledPromptBehavior: dismiss and notify, webauthn:extension:credBlob: true, webauthn:extension:largeBlob: true, webauthn:extension:minPinLength: true, webauthn:extension:prf: true, webauthn:virtualAuthenticators: true}
Session ID: a5548620e22def0846c22df6ed890181
	at sun.reflect.NativeConstructorAccessorImpl.newInstance0(Native Method)
	at sun.reflect.NativeConstructorAccessorImpl.newInstance(NativeConstructorAccessorImpl.java:62)
	at sun.reflect.DelegatingConstructorAccessorImpl.newInstance(DelegatingConstructorAccessorImpl.java:45)
	at java.lang.reflect.Constructor.newInstance(Constructor.java:423)
	at org.openqa.selenium.remote.codec.w3c.W3CHttpResponseCodec.createException(W3CHttpResponseCodec.java:200)
	at org.openqa.selenium.remote.codec.w3c.W3CHttpResponseCodec.decode(W3CHttpResponseCodec.java:133)
	at org.openqa.selenium.remote.codec.w3c.W3CHttpResponseCodec.decode(W3CHttpResponseCodec.java:52)
	at org.openqa.selenium.remote.HttpCommandExecutor.execute(HttpCommandExecutor.java:191)
	at org.openqa.selenium.remote.service.DriverCommandExecutor.invokeExecute(DriverCommandExecutor.java:196)
	at org.openqa.selenium.remote.service.DriverCommandExecutor.execute(DriverCommandExecutor.java:171)
	at org.openqa.selenium.remote.RemoteWebDriver.execute(RemoteWebDriver.java:518)
	at org.openqa.selenium.remote.ElementLocation$ElementFinder$2.findElement(ElementLocation.java:165)
	at org.openqa.selenium.remote.ElementLocation.findElement(ElementLocation.java:59)
	at org.openqa.selenium.remote.RemoteWebDriver.findElement(RemoteWebDriver.java:355)
	at org.openqa.selenium.remote.RemoteWebDriver.findElement(RemoteWebDriver.java:349)
	at org.openqa.selenium.support.pagefactory.DefaultElementLocator.findElement(DefaultElementLocator.java:68)
	at org.openqa.selenium.support.pagefactory.internal.LocatingElementHandler.invoke(LocatingElementHandler.java:38)
	at com.sun.proxy.$Proxy25.click(Unknown Source)
	at page.actions.OperationsSalesReportsMyOrderActions.ClickOnOperationsLink(OperationsSalesReportsMyOrderActions.java:21)
	at steps.OperationsSalesReportsMyOrderSteps.click_on_operation(OperationsSalesReportsMyOrderSteps.java:29)
	at ?.Click on Operation(file:///C:/Users/User/Documents/NavigatorAutomation/src/test/resources/Featuresfile/OperationsSalesReportsMyOrder.feature:5)
</pre></div></td>
<td>30</td>
<td>runner.RunCuke@56aac163</td></tr>
<tr>
<td title='runner.RunCuke.runScenario()'><b>runScenario</b><br>Test class: runner.RunCuke<br>Test method: Runs Cucumber Scenarios<br>Parameters: "User should be able to navigate to Myprofile page", "Optional[MyProfile]"</td>
<td><div><pre>java.lang.AssertionError: expected [Park Street | My Profile] but found [Park Street | Dashboard]
	at steps.MyProfileSteps.myprofile_page_is_displayed(MyProfileSteps.java:48)
	at ?.Myprofile page is displayed(file:///C:/Users/User/Documents/NavigatorAutomation/src/test/resources/Featuresfile/MyProfile.feature:8)
... Removed 6 stack frames</pre></div><a href='#' onClick='toggleBox("stack-trace356476647", this, "Click to show all stack frames", "Click to hide stack frames")'>Click to show all stack frames</a>
<div class='stack-trace' id='stack-trace356476647'><pre>java.lang.AssertionError: expected [Park Street | My Profile] but found [Park Street | Dashboard]
	at org.testng.Assert.fail(Assert.java:99)
	at org.testng.Assert.failNotEquals(Assert.java:1037)
	at org.testng.Assert.assertEqualsImpl(Assert.java:140)
	at org.testng.Assert.assertEquals(Assert.java:122)
	at org.testng.Assert.assertEquals(Assert.java:629)
	at org.testng.Assert.assertEquals(Assert.java:639)
	at steps.MyProfileSteps.myprofile_page_is_displayed(MyProfileSteps.java:48)
	at ?.Myprofile page is displayed(file:///C:/Users/User/Documents/NavigatorAutomation/src/test/resources/Featuresfile/MyProfile.feature:8)
</pre></div></td>
<td>0</td>
<td>runner.RunCuke@56aac163</td></tr>
</table><p>
<table width='100%' border='1' class='invocation-passed'>
<tr><td colspan='4' align='center'><b>PASSED TESTS</b></td></tr>
<tr><td><b>Test method</b></td>
<td width="30%"><b>Exception</b></td>
<td width="10%"><b>Time (seconds)</b></td>
<td><b>Instance</b></td>
</tr>
<tr>
<td title='runner.RunCuke.runScenario()'><b>runScenario</b><br>Test class: runner.RunCuke<br>Test method: Runs Cucumber Scenarios<br>Parameters: "External User logs into application with valid username and password", "Optional[Application Login]"</td>
<td></td>
<td>18</td>
<td>runner.RunCuke@56aac163</td></tr>
</table><p>
</body>
</html>